  CPacket.cpp
C:\Users\PC\Desktop\OverlapTCP\OverlappedIO\OverlappedIO\CPacket.h(16,42): warning C4244: 'return': '__int64'에서 'int'(으)로 변환하면서 데이터가 손실될 수 있습니다.
  CSector.cpp
C:\Users\PC\Desktop\OverlapTCP\OverlappedIO\OverlappedIO\Define.h(453,9): warning C4086: pragma 매개 변수는 '1', '2', '4', '8' 또는 '16'이어야 합니다.
C:\Users\PC\Desktop\OverlapTCP\OverlappedIO\OverlappedIO\CPacket.h(16,42): warning C4244: 'return': '__int64'에서 'int'(으)로 변환하면서 데이터가 손실될 수 있습니다.
C:\Users\PC\Desktop\OverlapTCP\OverlappedIO\OverlappedIO\CSector.cpp(41,46): warning C4244: '인수': '__int64'에서 'int'(으)로 변환하면서 데이터가 손실될 수 있습니다.
C:\Users\PC\Desktop\OverlapTCP\OverlappedIO\OverlappedIO\CSector.cpp(65,51): warning C4244: '인수': '__int64'에서 'int'(으)로 변환하면서 데이터가 손실될 수 있습니다.
C:\Users\PC\Desktop\OverlapTCP\OverlappedIO\OverlappedIO\CSector.cpp(82,60): warning C4244: '인수': '__int64'에서 'int'(으)로 변환하면서 데이터가 손실될 수 있습니다.
C:\Users\PC\Desktop\OverlapTCP\OverlappedIO\OverlappedIO\CSector.cpp(87,57): warning C4244: '인수': '__int64'에서 'int'(으)로 변환하면서 데이터가 손실될 수 있습니다.
C:\Users\PC\Desktop\OverlapTCP\OverlappedIO\OverlappedIO\CSector.cpp(120,65): warning C4244: '인수': '__int64'에서 'int'(으)로 변환하면서 데이터가 손실될 수 있습니다.
C:\Users\PC\Desktop\OverlapTCP\OverlappedIO\OverlappedIO\CSector.cpp(123,56): warning C4244: '인수': '__int64'에서 'int'(으)로 변환하면서 데이터가 손실될 수 있습니다.
  JobQueue.cpp
C:\Users\PC\Desktop\OverlapTCP\OverlappedIO\OverlappedIO\CPacket.h(16,42): warning C4244: 'return': '__int64'에서 'int'(으)로 변환하면서 데이터가 손실될 수 있습니다.
C:\Users\PC\Desktop\OverlapTCP\OverlappedIO\OverlappedIO\Define.h(453,9): warning C4086: pragma 매개 변수는 '1', '2', '4', '8' 또는 '16'이어야 합니다.
  MPacket.cpp
C:\Users\PC\Desktop\OverlapTCP\OverlappedIO\OverlappedIO\CPacket.h(16,42): warning C4244: 'return': '__int64'에서 'int'(으)로 변환하면서 데이터가 손실될 수 있습니다.
C:\Users\PC\Desktop\OverlapTCP\OverlappedIO\OverlappedIO\Define.h(453,9): warning C4086: pragma 매개 변수는 '1', '2', '4', '8' 또는 '16'이어야 합니다.
  MsgProc.cpp
C:\Users\PC\Desktop\OverlapTCP\OverlappedIO\OverlappedIO\CPacket.h(16,42): warning C4244: 'return': '__int64'에서 'int'(으)로 변환하면서 데이터가 손실될 수 있습니다.
C:\Users\PC\Desktop\OverlapTCP\OverlappedIO\OverlappedIO\Define.h(453,9): warning C4086: pragma 매개 변수는 '1', '2', '4', '8' 또는 '16'이어야 합니다.
C:\Users\PC\Desktop\OverlapTCP\OverlappedIO\OverlappedIO\MsgProc.cpp(97,40): warning C4244: '인수': '__int64'에서 'int'(으)로 변환하면서 데이터가 손실될 수 있습니다.
C:\Users\PC\Desktop\OverlapTCP\OverlappedIO\OverlappedIO\MsgProc.cpp(124,49): warning C4244: '인수': '__int64'에서 'int'(으)로 변환하면서 데이터가 손실될 수 있습니다.
C:\Users\PC\Desktop\OverlapTCP\OverlappedIO\OverlappedIO\MsgProc.cpp(155,40): warning C4244: '인수': '__int64'에서 'int'(으)로 변환하면서 데이터가 손실될 수 있습니다.
C:\Users\PC\Desktop\OverlapTCP\OverlappedIO\OverlappedIO\MsgProc.cpp(185,48): warning C4244: '인수': '__int64'에서 'int'(으)로 변환하면서 데이터가 손실될 수 있습니다.
C:\Users\PC\Desktop\OverlapTCP\OverlappedIO\OverlappedIO\MsgProc.cpp(238,47): warning C4244: '인수': '__int64'에서 'int'(으)로 변환하면서 데이터가 손실될 수 있습니다.
C:\Users\PC\Desktop\OverlapTCP\OverlappedIO\OverlappedIO\MsgProc.cpp(266,68): warning C4244: '인수': '__int64'에서 'int'(으)로 변환하면서 데이터가 손실될 수 있습니다.
C:\Users\PC\Desktop\OverlapTCP\OverlappedIO\OverlappedIO\MsgProc.cpp(266,49): warning C4244: '인수': '__int64'에서 'int'(으)로 변환하면서 데이터가 손실될 수 있습니다.
C:\Users\PC\Desktop\OverlapTCP\OverlappedIO\OverlappedIO\MsgProc.cpp(296,47): warning C4244: '인수': '__int64'에서 'int'(으)로 변환하면서 데이터가 손실될 수 있습니다.
C:\Users\PC\Desktop\OverlapTCP\OverlappedIO\OverlappedIO\MsgProc.cpp(322,68): warning C4244: '인수': '__int64'에서 'int'(으)로 변환하면서 데이터가 손실될 수 있습니다.
C:\Users\PC\Desktop\OverlapTCP\OverlappedIO\OverlappedIO\MsgProc.cpp(322,49): warning C4244: '인수': '__int64'에서 'int'(으)로 변환하면서 데이터가 손실될 수 있습니다.
C:\Users\PC\Desktop\OverlapTCP\OverlappedIO\OverlappedIO\MsgProc.cpp(352,47): warning C4244: '인수': '__int64'에서 'int'(으)로 변환하면서 데이터가 손실될 수 있습니다.
C:\Users\PC\Desktop\OverlapTCP\OverlappedIO\OverlappedIO\MsgProc.cpp(380,68): warning C4244: '인수': '__int64'에서 'int'(으)로 변환하면서 데이터가 손실될 수 있습니다.
C:\Users\PC\Desktop\OverlapTCP\OverlappedIO\OverlappedIO\MsgProc.cpp(380,49): warning C4244: '인수': '__int64'에서 'int'(으)로 변환하면서 데이터가 손실될 수 있습니다.
  OverlapNetwork.cpp
C:\Users\PC\Desktop\OverlapTCP\OverlappedIO\OverlappedIO\CPacket.h(16,42): warning C4244: 'return': '__int64'에서 'int'(으)로 변환하면서 데이터가 손실될 수 있습니다.
C:\Users\PC\Desktop\OverlapTCP\OverlappedIO\OverlappedIO\Define.h(453,9): warning C4086: pragma 매개 변수는 '1', '2', '4', '8' 또는 '16'이어야 합니다.
C:\Users\PC\Desktop\OverlapTCP\OverlappedIO\OverlappedIO\OverlapNetwork.cpp(105,9): warning C4101: 'hTread' :참조되지 않은 지역 변수입니다.
C:\Users\PC\Desktop\OverlapTCP\OverlappedIO\OverlappedIO\OverlapNetwork.cpp(92,7): warning C4101: 'buf' :참조되지 않은 지역 변수입니다.
C:\Users\PC\Desktop\OverlapTCP\OverlappedIO\OverlappedIO\OverlapNetwork.cpp(190,29): warning C4244: '인수': 'SOCKET'에서 'DWORD'(으)로 변환하면서 데이터가 손실될 수 있습니다.
C:\Users\PC\Desktop\OverlapTCP\OverlappedIO\OverlappedIO\OverlapNetwork.cpp(359,62): warning C4244: '인수': '__int64'에서 'int'(으)로 변환하면서 데이터가 손실될 수 있습니다.
C:\Users\PC\Desktop\OverlapTCP\OverlappedIO\OverlappedIO\OverlapNetwork.cpp(367,65): warning C4244: '인수': '__int64'에서 'int'(으)로 변환하면서 데이터가 손실될 수 있습니다.
C:\Users\PC\Desktop\OverlapTCP\OverlappedIO\OverlappedIO\OverlapNetwork.cpp(389,67): warning C4244: '인수': '__int64'에서 'int'(으)로 변환하면서 데이터가 손실될 수 있습니다.
C:\Users\PC\Desktop\OverlapTCP\OverlappedIO\OverlappedIO\OverlapNetwork.cpp(395,57): warning C4244: '인수': '__int64'에서 'int'(으)로 변환하면서 데이터가 손실될 수 있습니다.
C:\Users\PC\Desktop\OverlapTCP\OverlappedIO\OverlappedIO\OverlapNetwork.cpp(570,22): warning C4018: '<=': signed 또는 unsigned가 일치하지 않습니다.
C:\Users\PC\Desktop\OverlapTCP\OverlappedIO\OverlappedIO\OverlapNetwork.cpp(942,48): warning C4312: '형식 캐스트': 'DWORD'에서 더 큰 'HANDLE'(으)로의 변환입니다.
C:\Users\PC\Desktop\OverlapTCP\OverlappedIO\OverlappedIO\OverlapNetwork.cpp(1147,47): warning C4267: '초기화 중': 'size_t'에서 'int'(으)로 변환하면서 데이터가 손실될 수 있습니다.
C:\Users\PC\Desktop\OverlapTCP\OverlappedIO\OverlappedIO\OverlapNetwork.cpp(1170,48): warning C4244: '인수': '__int64'에서 'int'(으)로 변환하면서 데이터가 손실될 수 있습니다.
C:\Users\PC\Desktop\OverlapTCP\OverlappedIO\OverlappedIO\OverlapNetwork.cpp(1145,9): warning C4101: 'header' :참조되지 않은 지역 변수입니다.
C:\Users\PC\Desktop\OverlapTCP\OverlappedIO\OverlappedIO\OverlapNetwork.cpp(1225,46): warning C4244: '인수': '__int64'에서 'int'(으)로 변환하면서 데이터가 손실될 수 있습니다.
  main.cpp
C:\Users\PC\Desktop\OverlapTCP\OverlappedIO\OverlappedIO\CPacket.h(16,42): warning C4244: 'return': '__int64'에서 'int'(으)로 변환하면서 데이터가 손실될 수 있습니다.
C:\Users\PC\Desktop\OverlapTCP\OverlappedIO\OverlappedIO\Define.h(453,9): warning C4086: pragma 매개 변수는 '1', '2', '4', '8' 또는 '16'이어야 합니다.
  코드를 생성하고 있습니다...
C:\Users\PC\Desktop\OverlapTCP\OverlappedIO\OverlappedIO\OverlapNetwork.cpp(124): warning C4715: 'Init': 모든 제어 경로에서 값을 반환하지는 않습니다.
  LINK : C:\Users\PC\Desktop\OverlapTCP\OverlappedIO\x64\Debug\OverlappedIO.exe을(를) 찾을 수 없거나 마지막 증분 링크에 의해 빌드되지 않았습니다. 전체 링크를 수행하고 있습니다.
  OverlappedIO.vcxproj -> C:\Users\PC\Desktop\OverlapTCP\OverlappedIO\x64\Debug\OverlappedIO.exe
